#
# A fatal error has been detected by the Java Runtime Environment:
#
#  EXCEPTION_ACCESS_VIOLATION (0xc0000005) at pc=0x000007fef5b1136b, pid=5832, tid=2676
#
# JRE version: Java(TM) SE Runtime Environment (7.0_40-b43) (build 1.7.0_40-b43)
# Java VM: Java HotSpot(TM) 64-Bit Server VM (24.0-b56 mixed mode windows-amd64 compressed oops)
# Problematic frame:
# C  [ieframe.dll+0x18136b]
#
# Failed to write core dump. Minidumps are not enabled by default on client versions of Windows
#
# If you would like to submit a bug report, please visit:
#   http://bugreport.sun.com/bugreport/crash.jsp
# The crash happened outside the Java Virtual Machine in native code.
# See problematic frame for where to report the bug.
#

---------------  T H R E A D  ---------------

Current thread (0x000000000270f000):  JavaThread "main" [_thread_in_native, id=2676, stack(0x0000000002990000,0x0000000002a90000)]

siginfo: ExceptionCode=0xc0000005, reading address 0xffffffffffffffff

Registers:
RAX=0x000000000d71b040, RBX=0x00000000003ae800, RCX=0x00000000003ae808, RDX=0x0000000000000000
RSP=0x0000000002a8d090, RBP=0x0000000002a8d190, RSI=0x000000000f5b6660, RDI=0x0000000080004004
R8 =0x0000000000000004, R9 =0x0000000000000030, R10=0x00000000003b2be0, R11=0x0000000000000040
R12=0x0000000000000000, R13=0x0000000000000000, R14=0x0000000000000000, R15=0x0000000000000000
RIP=0x000007fef5b1136b, EFLAGS=0x0000000000010246

Top of Stack: (sp=0x0000000002a8d090)
0x0000000002a8d090:   00000000003ae800 00000000003ae800
0x0000000002a8d0a0:   000000000f5b6660 00000000003b38c8
0x0000000002a8d0b0:   0000000000000000 000000000270f828
0x0000000002a8d0c0:   0000000000000000 000000000f5b6660
0x0000000002a8d0d0:   000000000f4f9a80 0000000000000000
0x0000000002a8d0e0:   0000000000000000 0000000000000000
0x0000000002a8d0f0:   000000005f5daf68 000000000bf87770
0x0000000002a8d100:   0000000000000000 0000000000000010
0x0000000002a8d110:   0000000000000000 0000000002710470
0x0000000002a8d120:   000000000270f828 0000000007fef5d8
0x0000000002a8d130:   0000000000000000 00000000e0f56140
0x0000000002a8d140:   0000000000000008 000007fef5dd5894
0x0000000002a8d150:   0000000000000000 0000000002a8d3e8
0x0000000002a8d160:   0000000000000000 000000000270f000
0x0000000002a8d170:   000000000270d830 0000000002700110
0x0000000002a8d180:   000000000270f830 0000000002a8d138 

Instructions: (pc=0x000007fef5b1136b)
0x000007fef5b1134b:   8b 8b 38 02 00 00 48 85 c9 74 0e 48 83 a3 38 02
0x000007fef5b1135b:   00 00 00 48 8b 01 ff 50 10 48 8d 4b 08 48 8b 01
0x000007fef5b1136b:   ff 90 90 00 00 00 48 8b 8b 50 01 00 00 48 83 64
0x000007fef5b1137b:   24 50 00 48 85 c9 74 33 48 8b 01 4c 8d 44 24 50 


Register to memory mapping:

RAX=0x000000000d71b040 is an unknown value
RBX=0x00000000003ae800 is an unknown value
RCX=0x00000000003ae808 is an unknown value
RDX=0x0000000000000000 is an unknown value
RSP=0x0000000002a8d090 is pointing into the stack for thread: 0x000000000270f000
RBP=0x0000000002a8d190 is pointing into the stack for thread: 0x000000000270f000
RSI=0x000000000f5b6660 is an unknown value
RDI=0x0000000080004004 is an unknown value
R8 =0x0000000000000004 is an unknown value
R9 =0x0000000000000030 is an unknown value
R10=0x00000000003b2be0 is an unknown value
R11=0x0000000000000040 is an unknown value
R12=0x0000000000000000 is an unknown value
R13=0x0000000000000000 is an unknown value
R14=0x0000000000000000 is an unknown value
R15=0x0000000000000000 is an unknown value


Stack: [0x0000000002990000,0x0000000002a90000],  sp=0x0000000002a8d090,  free space=1012k
Native frames: (J=compiled Java code, j=interpreted, Vv=VM code, C=native code)
C  [ieframe.dll+0x18136b]

Java frames: (J=compiled Java code, j=interpreted, Vv=VM code)
j  org.eclipse.swt.internal.win32.OS.DispatchMessageW(Lorg/eclipse/swt/internal/win32/MSG;)J+0
j  org.eclipse.swt.internal.win32.OS.DispatchMessage(Lorg/eclipse/swt/internal/win32/MSG;)J+7
j  org.eclipse.swt.widgets.Display.readAndDispatch()Z+64
j  chrriis.dj.nativeswing.swtimpl.core.SWTNativeInterface$OutProcess.runNativeSide([Ljava/lang/String;)V+522
j  chrriis.dj.nativeswing.swtimpl.core.SWTNativeInterface.main_([Ljava/lang/String;)V+1
j  chrriis.dj.nativeswing.swtimpl.NativeInterface.main([Ljava/lang/String;)V+7
v  ~StubRoutines::call_stub

---------------  P R O C E S S  ---------------

Java Threads: ( => current thread )
  0x000000000bdfe000 JavaThread "Registry cleanup thread-0" daemon [_thread_blocked, id=4628, stack(0x000000000de10000,0x000000000df10000)]
  0x000000000bc97000 JavaThread "NativeSwing[1] SWT Receiver" daemon [_thread_in_native, id=4328, stack(0x000000000c5a0000,0x000000000c6a0000)]
  0x000000000bd04000 JavaThread "NativeSwing Shutdown" daemon [_thread_blocked, id=5544, stack(0x000000000b1a0000,0x000000000b2a0000)]
  0x0000000009d95000 JavaThread "Service Thread" daemon [_thread_blocked, id=5720, stack(0x000000000b9e0000,0x000000000bae0000)]
  0x0000000009d94000 JavaThread "C2 CompilerThread1" daemon [_thread_blocked, id=4156, stack(0x000000000b880000,0x000000000b980000)]
  0x0000000009d8d800 JavaThread "C2 CompilerThread0" daemon [_thread_blocked, id=3084, stack(0x000000000b670000,0x000000000b770000)]
  0x0000000009d8c800 JavaThread "Attach Listener" daemon [_thread_blocked, id=5228, stack(0x000000000b480000,0x000000000b580000)]
  0x0000000009d85000 JavaThread "Signal Dispatcher" daemon [_thread_blocked, id=1352, stack(0x000000000b2a0000,0x000000000b3a0000)]
  0x0000000009d38000 JavaThread "Finalizer" daemon [_thread_blocked, id=5392, stack(0x000000000b080000,0x000000000b180000)]
  0x0000000009d2a800 JavaThread "Reference Handler" daemon [_thread_blocked, id=4672, stack(0x000000000ae80000,0x000000000af80000)]
=>0x000000000270f000 JavaThread "main" [_thread_in_native, id=2676, stack(0x0000000002990000,0x0000000002a90000)]

Other Threads:
  0x0000000009d26000 VMThread [stack: 0x000000000ac70000,0x000000000ad70000] [id=3184]
  0x0000000009da6000 WatcherThread [stack: 0x000000000baf0000,0x000000000bbf0000] [id=5240]

VM state:not at safepoint (normal execution)

VM Mutex/Monitor currently owned by a thread: None

Heap
 PSYoungGen      total 28672K, used 9371K [0x00000000e0700000, 0x00000000e2680000, 0x0000000100000000)
  eden space 25088K, 37% used [0x00000000e0700000,0x00000000e1026d08,0x00000000e1f80000)
  from space 3584K, 0% used [0x00000000e2300000,0x00000000e2300000,0x00000000e2680000)
  to   space 3584K, 0% used [0x00000000e1f80000,0x00000000e1f80000,0x00000000e2300000)
 ParOldGen       total 64512K, used 0K [0x00000000a1600000, 0x00000000a5500000, 0x00000000e0700000)
  object space 64512K, 0% used [0x00000000a1600000,0x00000000a1600000,0x00000000a5500000)
 PSPermGen       total 21504K, used 7144K [0x000000009c400000, 0x000000009d900000, 0x00000000a1600000)
  object space 21504K, 33% used [0x000000009c400000,0x000000009cafa140,0x000000009d900000)

Card table byte_map: [0x0000000005a90000,0x0000000005db0000] byte_map_base: 0x00000000055ae000

Polling page: 0x0000000000230000

Code Cache  [0x0000000002a90000, 0x0000000002d00000, 0x0000000005a90000)
 total_blobs=464 nmethods=21 adapters=397 free_code_cache=48593Kb largest_free_block=49736320

Compilation events (10 events):
Event: 1.072 Thread 0x0000000009d8d800   17             java.lang.Math::min (11 bytes)
Event: 1.073 Thread 0x0000000009d8d800 nmethod 17 0x0000000002b1b5d0 code [0x0000000002b1b700, 0x0000000002b1b758]
Event: 1.107 Thread 0x0000000009d94000   18             sun.reflect.ClassFileAssembler::emitConstantPoolUTF8 (50 bytes)
Event: 1.107 Thread 0x0000000009d8d800   19   !         sun.reflect.UTF8::encode (189 bytes)
Event: 1.122 Thread 0x0000000009d8d800 nmethod 19 0x0000000002b19490 code [0x0000000002b195e0, 0x0000000002b19dd8]
Event: 1.122 Thread 0x0000000009d8d800   20             sun.reflect.UTF8::utf8Length (81 bytes)
Event: 1.126 Thread 0x0000000009d8d800 nmethod 20 0x0000000002b1b910 code [0x0000000002b1ba40, 0x0000000002b1bc78]
Event: 1.129 Thread 0x0000000009d94000 nmethod 18 0x0000000002b1fb50 code [0x0000000002b1fd20, 0x0000000002b20a50]
Event: 2.252 Thread 0x0000000009d8d800   21             sun.security.provider.SHA::implCompress (491 bytes)
Event: 2.286 Thread 0x0000000009d8d800 nmethod 21 0x0000000002b1ce10 code [0x0000000002b1cf60, 0x0000000002b1d8a8]

GC Heap History (0 events):
No events

Deoptimization events (1 events):
Event: 0.852 Thread 0x000000000270f000 Uncommon trap: reason=class_check action=maybe_recompile pc=0x0000000002b07448 method=java.util.Properties$LineReader.readLine()I @ 62

Internal exceptions (10 events):
Event: 1.217 Thread 0x000000000270f000 Threw 0x00000000e0f3fc18 at C:\jdk7u2_64p\jdk7u40\hotspot\src\share\vm\prims\jvm.cpp:1244
Event: 1.218 Thread 0x000000000270f000 Threw 0x00000000e0f42298 at C:\jdk7u2_64p\jdk7u40\hotspot\src\share\vm\prims\jvm.cpp:1244
Event: 1.219 Thread 0x000000000270f000 Threw 0x00000000e0f4cc60 at C:\jdk7u2_64p\jdk7u40\hotspot\src\share\vm\prims\jni.cpp:1632
Event: 1.219 Thread 0x000000000270f000 Threw 0x00000000e0f4ec10 at C:\jdk7u2_64p\jdk7u40\hotspot\src\share\vm\prims\jni.cpp:1632
Event: 1.220 Thread 0x000000000270f000 Threw 0x00000000e0f57390 at C:\jdk7u2_64p\jdk7u40\hotspot\src\share\vm\prims\jvm.cpp:1244
Event: 1.221 Thread 0x000000000270f000 Threw 0x00000000e0f59b80 at C:\jdk7u2_64p\jdk7u40\hotspot\src\share\vm\prims\jvm.cpp:1244
Event: 1.222 Thread 0x000000000270f000 Threw 0x00000000e0f647f8 at C:\jdk7u2_64p\jdk7u40\hotspot\src\share\vm\prims\jni.cpp:1632
Event: 1.239 Thread 0x000000000270f000 Threw 0x00000000e0f67d38 at C:\jdk7u2_64p\jdk7u40\hotspot\src\share\vm\prims\jvm.cpp:1244
Event: 2.251 Thread 0x000000000bc97000 Threw 0x00000000e0ecc918 at C:\jdk7u2_64p\jdk7u40\hotspot\src\share\vm\prims\jni.cpp:1632
Event: 2.253 Thread 0x000000000270f000 Threw 0x00000000e0f6eab0 at C:\jdk7u2_64p\jdk7u40\hotspot\src\share\vm\prims\jvm.cpp:1244

Events (10 events):
Event: 1.221 loading class 0x000000000be5bd00
Event: 1.221 loading class 0x000000000be5bd00 done
Event: 1.239 loading class 0x000000000be76960
Event: 1.239 loading class 0x000000000be76960 done
Event: 2.077 loading class 0x00000000027bba20
Event: 2.077 loading class 0x00000000027bba20 done
Event: 2.077 loading class 0x00000000027bb9f0
Event: 2.077 loading class 0x00000000027bb9f0 done
Event: 2.253 loading class 0x000000000be06d10
Event: 2.253 loading class 0x000000000be06d10 done


Dynamic libraries:
0x000000013fed0000 - 0x000000013ff03000 	C:\Program Files\Java\jdk1.7.0_40\jre\bin\java.exe
0x0000000077730000 - 0x00000000778dc000 	C:\Windows\SYSTEM32\ntdll.dll
0x0000000077050000 - 0x000000007716f000 	C:\Windows\system32\kernel32.dll
0x000007fefdcf0000 - 0x000007fefdd5c000 	C:\Windows\system32\KERNELBASE.dll
0x000007feff740000 - 0x000007feff81b000 	C:\Windows\system32\ADVAPI32.dll
0x000007fefdff0000 - 0x000007fefe08f000 	C:\Windows\system32\msvcrt.dll
0x000007feff4c0000 - 0x000007feff4df000 	C:\Windows\SYSTEM32\sechost.dll
0x000007feff2f0000 - 0x000007feff41e000 	C:\Windows\system32\RPCRT4.dll
0x0000000077630000 - 0x000000007772a000 	C:\Windows\system32\USER32.dll
0x000007feff9d0000 - 0x000007feffa37000 	C:\Windows\system32\GDI32.dll
0x000007feff4e0000 - 0x000007feff4ee000 	C:\Windows\system32\LPK.dll
0x000007feff5d0000 - 0x000007feff69a000 	C:\Windows\system32\USP10.dll
0x000007fefc5c0000 - 0x000007fefc7b4000 	C:\Windows\WinSxS\amd64_microsoft.windows.common-controls_6595b64144ccf1df_6.0.7600.16661_none_fa62ad231704eab7\COMCTL32.dll
0x000007feff420000 - 0x000007feff491000 	C:\Windows\system32\SHLWAPI.dll
0x000007fefee20000 - 0x000007fefee4e000 	C:\Windows\system32\IMM32.DLL
0x000007feff870000 - 0x000007feff979000 	C:\Windows\system32\MSCTF.dll
0x000007fefdb60000 - 0x000007fefdb9c000 	C:\Windows\system32\nvinitx.dll
0x000000000f000000 - 0x000000000f006000 	C:\Program Files\NVIDIA Corporation\CoProcManager\detoured.dll
0x000007fefae90000 - 0x000007fefaed4000 	C:\Program Files\NVIDIA Corporation\CoProcManager\nvd3d9wrapx.dll
0x000007feff110000 - 0x000007feff2e7000 	C:\Windows\system32\SETUPAPI.dll
0x000007fefdd80000 - 0x000007fefddb6000 	C:\Windows\system32\CFGMGR32.dll
0x000007feff4f0000 - 0x000007feff5c7000 	C:\Windows\system32\OLEAUT32.dll
0x000007fefeef0000 - 0x000007feff0f2000 	C:\Windows\system32\ole32.dll
0x000007fefdd60000 - 0x000007fefdd7a000 	C:\Windows\system32\DEVOBJ.dll
0x000007fefae40000 - 0x000007fefae82000 	C:\Program Files\NVIDIA Corporation\CoProcManager\nvdxgiwrapx.dll
0x0000000067150000 - 0x0000000067221000 	C:\Program Files\Java\jdk1.7.0_40\jre\bin\msvcr100.dll
0x000000005f070000 - 0x000000005f839000 	C:\Program Files\Java\jdk1.7.0_40\jre\bin\server\jvm.dll
0x000007fef7da0000 - 0x000007fef7da9000 	C:\Windows\system32\WSOCK32.dll
0x000007feff820000 - 0x000007feff86d000 	C:\Windows\system32\WS2_32.dll
0x000007feff100000 - 0x000007feff108000 	C:\Windows\system32\NSI.dll
0x000007fefb120000 - 0x000007fefb15b000 	C:\Windows\system32\WINMM.dll
0x00000000778f0000 - 0x00000000778f7000 	C:\Windows\system32\PSAPI.DLL
0x00000000699a0000 - 0x00000000699af000 	C:\Program Files\Java\jdk1.7.0_40\jre\bin\verify.dll
0x00000000672e0000 - 0x0000000067308000 	C:\Program Files\Java\jdk1.7.0_40\jre\bin\java.dll
0x0000000067350000 - 0x0000000067365000 	C:\Program Files\Java\jdk1.7.0_40\jre\bin\zip.dll
0x0000000067270000 - 0x0000000067289000 	C:\Program Files\Java\jdk1.7.0_40\jre\bin\net.dll
0x000007fefd3d0000 - 0x000007fefd424000 	C:\Windows\system32\mswsock.dll
0x000007fefd3c0000 - 0x000007fefd3c7000 	C:\Windows\System32\wship6.dll
0x0000000010000000 - 0x00000000100a7000 	C:\Users\Khadija\.swt\lib\win32\x86_64\swt-win32-3738.dll
0x000007feff6a0000 - 0x000007feff738000 	C:\Windows\system32\comdlg32.dll
0x000007fefe090000 - 0x000007fefee17000 	C:\Windows\system32\SHELL32.dll
0x000007fefb250000 - 0x000007fefb2c0000 	C:\Windows\system32\WINSPOOL.DRV
0x0000000077170000 - 0x00000000772cb000 	C:\Windows\system32\WININET.dll
0x0000000077900000 - 0x0000000077903000 	C:\Windows\system32\Normaliz.dll
0x00000000772d0000 - 0x00000000774e0000 	C:\Windows\system32\iertutil.dll
0x00000000774e0000 - 0x000000007762d000 	C:\Windows\system32\urlmon.dll
0x000007fefddc0000 - 0x000007fefdf2a000 	C:\Windows\system32\CRYPT32.dll
0x000007fefdc40000 - 0x000007fefdc4f000 	C:\Windows\system32\MSASN1.dll
0x000007fefc260000 - 0x000007fefc2b6000 	C:\Windows\system32\uxtheme.dll
0x000007fefbed0000 - 0x000007fefbee8000 	C:\Windows\system32\dwmapi.dll
0x000007fefda90000 - 0x000007fefda9f000 	C:\Windows\system32\CRYPTBASE.dll
0x000007fefc2e0000 - 0x000007fefc40c000 	C:\Windows\system32\propsys.dll
0x000007fefee50000 - 0x000007fefeee9000 	C:\Windows\system32\CLBCatQ.DLL
0x0000000066fb0000 - 0x0000000067145000 	C:\Program Files\Java\jdk1.7.0_40\jre\bin\awt.dll
0x000007fef5990000 - 0x000007fef6402000 	C:\Windows\System32\ieframe.dll
0x000007fefba20000 - 0x000007fefba74000 	C:\Windows\System32\OLEACC.dll
0x000007fefd620000 - 0x000007fefd637000 	C:\Windows\system32\CRYPTSP.dll
0x000007fefd130000 - 0x000007fefd177000 	C:\Windows\system32\rsaenh.dll
0x000007fefdaa0000 - 0x000007fefdb32000 	C:\Windows\system32\SXS.DLL
0x000007fefdb40000 - 0x000007fefdb54000 	C:\Windows\system32\RpcRtRemote.dll
0x000007fefda30000 - 0x000007fefda87000 	C:\Windows\system32\apphelp.dll
0x000007fefd840000 - 0x000007fefd84b000 	C:\Windows\system32\Secur32.dll
0x000007fefda00000 - 0x000007fefda25000 	C:\Windows\system32\SSPICLI.DLL
0x000007fefdba0000 - 0x000007fefdbaf000 	C:\Windows\system32\profapi.dll
0x000007fefd250000 - 0x000007fefd2ab000 	C:\Windows\system32\dnsapi.DLL
0x000007fefb4a0000 - 0x000007fefb4c7000 	C:\Windows\system32\iphlpapi.DLL
0x000007fefb490000 - 0x000007fefb49b000 	C:\Windows\system32\WINNSI.DLL
0x000000005df60000 - 0x000000005f06b000 	C:\Windows\System32\mshtml.dll
0x000007fefccb0000 - 0x000007fefccbc000 	C:\Windows\System32\VERSION.dll
0x000007fefcae0000 - 0x000007fefcb0d000 	C:\Windows\system32\ntmarta.dll
0x000007feff980000 - 0x000007feff9d0000 	C:\Windows\system32\WLDAP32.dll
0x000007fefcad0000 - 0x000007fefcade000 	C:\Windows\system32\msimtf.dll
0x000007fef7b80000 - 0x000007fef7bba000 	C:\Windows\system32\msls31.dll
0x000007fef1c70000 - 0x000007fef1d52000 	C:\Windows\system32\d2d1.dll
0x000007feeda20000 - 0x000007feedb9d000 	C:\Windows\system32\DWrite.dll
0x000007fefa130000 - 0x000007fefa1d7000 	C:\Windows\system32\dxgi.dll
0x000007fefdf30000 - 0x000007fefdf69000 	C:\Windows\system32\WINTRUST.dll
0x000007fefa240000 - 0x000007fefa274000 	C:\Windows\system32\d3d10_1.dll
0x000007fefa1e0000 - 0x000007fefa235000 	C:\Windows\system32\d3d10_1core.dll
0x000007fef1df0000 - 0x000007fef1e2b000 	C:\Windows\system32\MLANG.dll
0x000007feed480000 - 0x000007feed6bd000 	C:\Windows\System32\jscript9.dll
0x000007fefc410000 - 0x000007fefc45b000 	C:\Windows\system32\MMDevAPI.DLL
0x000007fef4a80000 - 0x000007fef4abb000 	C:\Windows\system32\wdmaud.drv
0x0000000070380000 - 0x0000000070386000 	C:\Windows\system32\ksuser.dll
0x000007fefc5b0000 - 0x000007fefc5b9000 	C:\Windows\system32\AVRT.dll
0x000007fef58c0000 - 0x000007fef590f000 	C:\Windows\system32\AUDIOSES.DLL
0x000007fef4d90000 - 0x000007fef4d9a000 	C:\Windows\system32\msacm32.drv
0x000007fef4a60000 - 0x000007fef4a78000 	C:\Windows\system32\MSACM32.dll
0x000007fef4a50000 - 0x000007fef4a59000 	C:\Windows\system32\midimap.dll
0x000007fef76b0000 - 0x000007fef76c8000 	C:\Windows\System32\l3codeca.acm
0x000007fef8400000 - 0x000007fef8525000 	C:\Windows\system32\dbghelp.dll

VM Arguments:
jvm_args: -Dnativeswing.localhostAddress=127.0.0.1 -Djava.library.path=C:\Program Files\Java\jdk1.7.0_40\jre\bin;C:\Windows\Sun\Java\bin;C:\Windows\system32;C:\Windows;C:\oraclexe\app\oracle\product\10.2.0\server\bin;C:\Windows\system32;C:\Windows;C:\Windows\System32\Wbem;C:\Windows\System32\WindowsPowerShell\v1.0\;C:\Program Files (x86)\MySQL\MySQL Utilities 1.3.6\;C:\Program Files\Java\jre7;. 
java_command: chrriis.dj.nativeswing.swtimpl.NativeInterface 1 53170
Launcher Type: SUN_STANDARD

Environment Variables:
PATH=C:\oraclexe\app\oracle\product\10.2.0\server\bin;C:\Windows\system32;C:\Windows;C:\Windows\System32\Wbem;C:\Windows\System32\WindowsPowerShell\v1.0\;C:\Program Files (x86)\MySQL\MySQL Utilities 1.3.6\;C:\Program Files\Java\jre7
USERNAME=Khadija
OS=Windows_NT
PROCESSOR_IDENTIFIER=Intel64 Family 6 Model 42 Stepping 7, GenuineIntel



---------------  S Y S T E M  ---------------

OS: Windows 7 , 64 bit Build 7600 

CPU:total 4 (2 cores per cpu, 2 threads per core) family 6 model 42 stepping 7, cmov, cx8, fxsr, mmx, sse, sse2, sse3, ssse3, sse4.1, sse4.2, popcnt, aes, ht, tsc, tscinvbit

Memory: 4k page, physical 6196392k(2490576k free), swap 12390876k(6231668k free)

vm_info: Java HotSpot(TM) 64-Bit Server VM (24.0-b56) for windows-amd64 JRE (1.7.0_40-b43), built on Aug 26 2013 22:38:32 by "java_re" with unknown MS VC++:1600

time: Fri Mar 07 21:03:57 2014
elapsed time: 2 seconds

